-------------------------------------------------------------------------------
Test set: com.weiyan.atp.utils.SecurityUtilsTest
-------------------------------------------------------------------------------
Tests run: 4, Failures: 0, Errors: 1, Skipped: 0, Time elapsed: 9.51 s <<< FAILURE! - in com.weiyan.atp.utils.SecurityUtilsTest
testRequest  Time elapsed: 5.562 s  <<< ERROR!
java.net.SocketException: Connection reset
	at com.weiyan.atp.utils.SecurityUtilsTest.testRequest(SecurityUtilsTest.java:78)

