<?xml version="1.0" encoding="UTF-8"?>
<testsuite xmlns:xsi="http://www.w3.org/2001/XMLSchema-instance" xsi:noNamespaceSchemaLocation="https://maven.apache.org/surefire/maven-surefire-plugin/xsd/surefire-test-report.xsd" name="com.weiyan.atp.utils.SecurityUtilsTest" time="75.6" tests="4" errors="1" skipped="0" failures="0">
  <properties>
[...]
</properties>
  <testcase name="testHash" classname="com.weiyan.atp.utils.SecurityUtilsTest" time="0.1"/>
  <testcase name="testSign" classname="com.weiyan.atp.utils.SecurityUtilsTest" time="0.278"/>
  <testcase name="testRequest" classname="com.weiyan.atp.utils.SecurityUtilsTest" time="75.151">
    <error message="Connect to 10.176.40.46:80 [/10.176.40.46] failed: Operation timed out (Connection timed out)" type="org.apache.http.conn.HttpHostConnectException">org.apache.http.conn.HttpHostConnectException: Connect to 10.176.40.46:80 [/10.176.40.46] failed: Operation timed out (Connection timed out)
	at com.weiyan.atp.utils.SecurityUtilsTest.testRequest(SecurityUtilsTest.java:78)
Caused by: java.net.ConnectException: Operation timed out (Connection timed out)
	at com.weiyan.atp.utils.SecurityUtilsTest.testRequest(SecurityUtilsTest.java:78)
</error>
    <system-out><![CDATA[21:23:53.162 [main] DEBUG org.apache.http.client.protocol.RequestAddCookies - CookieSpec selected: default
21:23:53.166 [main] DEBUG org.apache.http.client.protocol.RequestAuthCache - Auth cache not set in the context
21:23:53.166 [main] DEBUG org.apache.http.impl.conn.PoolingHttpClientConnectionManager - Connection request: [route: {}->http://10.176.40.46:80][total kept alive: 0; route allocated: 0 of 2; total allocated: 0 of 20]
21:23:53.171 [main] DEBUG org.apache.http.impl.conn.PoolingHttpClientConnectionManager - Connection leased: [id: 0][route: {}->http://10.176.40.46:80][total kept alive: 0; route allocated: 1 of 2; total allocated: 1 of 20]
21:23:53.171 [main] DEBUG org.apache.http.impl.execchain.MainClientExec - Opening connection {}->http://10.176.40.46:80
21:23:53.198 [main] DEBUG org.apache.http.impl.conn.DefaultHttpClientConnectionOperator - Connecting to /10.176.40.46:80
21:25:08.204 [main] DEBUG org.apache.http.impl.conn.DefaultManagedHttpClientConnection - http-outgoing-0: Shutdown connection
21:25:08.205 [main] DEBUG org.apache.http.impl.execchain.MainClientExec - Connection discarded
21:25:08.206 [main] DEBUG org.apache.http.impl.conn.PoolingHttpClientConnectionManager - Connection released: [id: 0][route: {}->http://10.176.40.46:80][total kept alive: 0; route allocated: 0 of 2; total allocated: 0 of 20]
]]></system-out>
  </testcase>
  <testcase name="testEncryptAndDecrypt" classname="com.weiyan.atp.utils.SecurityUtilsTest" time="0.069"/>
</testsuite>