<?xml version="1.0" encoding="UTF-8"?>
<testsuite xmlns:xsi="http://www.w3.org/2001/XMLSchema-instance" xsi:noNamespaceSchemaLocation="https://maven.apache.org/surefire/maven-surefire-plugin/xsd/surefire-test-report.xsd" name="com.weiyan.atp.service.impl.DABEServiceImplTest" time="21.562" tests="9" errors="0" skipped="0" failures="0">
  <properties>
[...]
</properties>
  <testcase name="declareAttr" classname="com.weiyan.atp.service.impl.DABEServiceImplTest" time="0.213"/>
  <testcase name="verifyABSCert" classname="com.weiyan.atp.service.impl.DABEServiceImplTest" time="0.025"/>
  <testcase name="approveAttrApply" classname="com.weiyan.atp.service.impl.DABEServiceImplTest" time="0.029"/>
  <testcase name="getUser" classname="com.weiyan.atp.service.impl.DABEServiceImplTest" time="0.024"/>
  <testcase name="testCreateUser" classname="com.weiyan.atp.service.impl.DABEServiceImplTest" time="0.031"/>
  <testcase name="DecryptFile" classname="com.weiyan.atp.service.impl.DABEServiceImplTest" time="0.531"/>
  <testcase name="createUser" classname="com.weiyan.atp.service.impl.DABEServiceImplTest" time="0.022"/>
  <testcase name="getUser2" classname="com.weiyan.atp.service.impl.DABEServiceImplTest" time="0.049"/>
  <testcase name="getUser3" classname="com.weiyan.atp.service.impl.DABEServiceImplTest" time="0.027"/>
</testsuite>